 2022-12-11 19:18:52,801 - urllib3.connectionpool - DEBUG - Starting new HTTPS connection (1): www.1377x.to:443
 2022-12-11 19:18:53,116 - urllib3.connectionpool - DEBUG - https://www.1377x.to:443 "GET /sort-category-search/evil.s02e02/TV/seeders/desc/1/ HTTP/1.1" 200 None
 2022-12-11 19:18:53,171 - root - DEBUG - 2022-12-11 19:18:53.171744 - [{'name': 'Evil.S02E02.1080p.WEB.H264-GLHF', 'torrentId': '4903417', 'link': 'https://www.1377x.to/torrent/4903417/Evil-S02E02-1080p-WEB-H264-GLHF/', 'seeders': '244', 'leechers': '21', 'size': '2 GB', 'time': "Jun. 28th '21", 'uploader': 'prudence25', 'uploaderLink': 'https://www.1377x.to/prudence25/'}, {'name': 'Evil.S02E02.WEB.x264-PHOENiX[TGx]', 'torrentId': '4903393', 'link': 'https://www.1377x.to/torrent/4903393/Evil-S02E02-WEB-x264-PHOENiX-TGx/', 'seeders': '117', 'leechers': '6', 'size': '203.9 MB', 'time': "Jun. 28th '21", 'uploader': 'TGxGoodies', 'uploaderLink': 'https://www.1377x.to/TGxGoodies/'}, {'name': 'Worlds Most Evil Killers S02E02 Richard Ramirez 480p x264-mSD [eztv]', 'torrentId': '3258758', 'link': 'https://www.1377x.to/torrent/3258758/Worlds-Most-Evil-Killers-S02E02-Richard-Ramirez-480p-x264-mSD-eztv/', 'seeders': '56', 'leechers': '3', 'size': '141.7 MB', 'time': "Apr. 29th '19", 'uploader': 'EZTVag', 'uploaderLink': 'https://www.1377x.to/EZTVag/'}, {'name': 'Evil.S02E02.720p.WEB.x265-MiNX[TGx]', 'torrentId': '4903394', 'link': 'https://www.1377x.to/torrent/4903394/Evil-S02E02-720p-WEB-x265-MiNX-TGx/', 'seeders': '53', 'leechers': '4', 'size': '135.9 MB', 'time': "Jun. 28th '21", 'uploader': 'TGxGoodies', 'uploaderLink': 'https://www.1377x.to/TGxGoodies/'}, {'name': 'Evil.S02E02.720p.WEB.H264-GGWP', 'torrentId': '4903571', 'link': 'https://www.1377x.to/torrent/4903571/Evil-S02E02-720p-WEB-H264-GGWP/', 'seeders': '21', 'leechers': '3', 'size': '948 MB', 'time': "Jun. 28th '21", 'uploader': 'Silmarillion', 'uploaderLink': 'https://www.1377x.to/Silmarillion/'}, {'name': 'Evil.S02E02.720p.WEB.H264-GGWP[TGx]', 'torrentId': '4903386', 'link': 'https://www.1377x.to/torrent/4903386/Evil-S02E02-720p-WEB-H264-GGWP-TGx/', 'seeders': '19', 'leechers': '5', 'size': '948 MB', 'time': "Jun. 28th '21", 'uploader': 'TGxGoodies', 'uploaderLink': 'https://www.1377x.to/TGxGoodies/'}, {'name': 'Evil (2019) S02E02 (1080p AMZN WEB-DL x265 HEVC 10bit DDP 5.1 Vyndros)', 'torrentId': '4906019', 'link': 'https://www.1377x.to/torrent/4906019/Evil-2019-S02E02-1080p-AMZN-WEB-DL-x265-HEVC-10bit-DDP-5-1-Vyndros/', 'seeders': '19', 'leechers': '2', 'size': '790.3 MB', 'time': "Jul. 01st '21", 'uploader': 'Vyndros', 'uploaderLink': 'https://www.1377x.to/Vyndros/'}, {'name': 'Ash.vs.Evil.Dead.S02E02.WEBRip.x264-FUM[ettv]', 'torrentId': '1830101', 'link': 'https://www.1377x.to/torrent/1830101/Ash-vs-Evil-Dead-S02E02-WEBRip-x264-FUM-ettv/', 'seeders': '18', 'leechers': '4', 'size': '201 MB', 'time': "Apr. 28th '17", 'uploader': 'ETTV', 'uploaderLink': 'https://www.1377x.to/ETTV/'}, {'name': 'Evil.S02E02.WEBRip.x264-ION10', 'torrentId': '4903436', 'link': 'https://www.1377x.to/torrent/4903436/Evil-S02E02-WEBRip-x264-ION10/', 'seeders': '15', 'leechers': '0', 'size': '423.9 MB', 'time': "Jun. 28th '21", 'uploader': 'mazemaze16', 'uploaderLink': 'https://www.1377x.to/mazemaze16/'}, {'name': 'Evil.S02E02.XviD-AFG[ettv]', 'torrentId': '4903406', 'link': 'https://www.1377x.to/torrent/4903406/Evil-S02E02-XviD-AFG-ettv/', 'seeders': '13', 'leechers': '2', 'size': '269.2 MB', 'time': "Jun. 28th '21", 'uploader': 'ETTV', 'uploaderLink': 'https://www.1377x.to/ETTV/'}, {'name': 'Evil.S02E02.A.is.for.Avenging.Angel.1080p.AMZN.WEBRip.DDP5.1.x264-NTb[TGx]', 'torrentId': '4903447', 'link': 'https://www.1377x.to/torrent/4903447/Evil-S02E02-A-is-for-Avenging-Angel-1080p-AMZN-WEBRip-DDP5-1-x264-NTb-TGx/', 'seeders': '12', 'leechers': '3', 'size': '2 GB', 'time': "Jun. 28th '21", 'uploader': 'TGxGoodies', 'uploaderLink': 'https://www.1377x.to/TGxGoodies/'}, {'name': 'Stan.Against.Evil.S02E02.HDTV.x264-CRAVERS[eztv]', 'torrentId': '2561771', 'link': 'https://www.1377x.to/torrent/2561771/Stan-Against-Evil-S02E02-HDTV-x264-CRAVERS-eztv/', 'seeders': '9', 'leechers': '5', 'size': '181.1 MB', 'time': "Apr. 29th '18", 'uploader': 'EZTVag', 'uploaderLink': 'https://www.1377x.to/EZTVag/'}, {'name': 'Evil.S02E02.1080p.WEB.H264-GLHF[TGx]', 'torrentId': '4903387', 'link': 'https://www.1377x.to/torrent/4903387/Evil-S02E02-1080p-WEB-H264-GLHF-TGx/', 'seeders': '9', 'leechers': '2', 'size': '2 GB', 'time': "Jun. 28th '21", 'uploader': 'TGxGoodies', 'uploaderLink': 'https://www.1377x.to/TGxGoodies/'}, {'name': 'Ash.vs.Evil.Dead.S02E02.HDTV.x264-FLEET[eztv]', 'torrentId': '1897131', 'link': 'https://www.1377x.to/torrent/1897131/Ash-vs-Evil-Dead-S02E02-HDTV-x264-FLEET-eztv/', 'seeders': '6', 'leechers': '3', 'size': '173 MB', 'time': "Apr. 28th '17", 'uploader': 'freeapo', 'uploaderLink': 'https://www.1377x.to/freeapo/'}, {'name': 'Evil.S02E02.720p.WEB.H264-GGWP[ettv]', 'torrentId': '4903395', 'link': 'https://www.1377x.to/torrent/4903395/Evil-S02E02-720p-WEB-H264-GGWP-ettv/', 'seeders': '6', 'leechers': '0', 'size': '973.4 MB', 'time': "Jun. 28th '21", 'uploader': 'ETTV', 'uploaderLink': 'https://www.1377x.to/ETTV/'}, {'name': 'Evil.S02E02.A.is.for.Avenging.Angel.720p.AMZN.WEBRip.DDP5.1.x264-NTb[TGx]', 'torrentId': '4903446', 'link': 'https://www.1377x.to/torrent/4903446/Evil-S02E02-A-is-for-Avenging-Angel-720p-AMZN-WEBRip-DDP5-1-x264-NTb-TGx/', 'seeders': '6', 'leechers': '1', 'size': '948 MB', 'time': "Jun. 28th '21", 'uploader': 'TGxGoodies', 'uploaderLink': 'https://www.1377x.to/TGxGoodies/'}, {'name': 'Stan Against Evil S02E02 SUBFRENCH 480p x264-mSD [eztv]', 'torrentId': '3669253', 'link': 'https://www.1377x.to/torrent/3669253/Stan-Against-Evil-S02E02-SUBFRENCH-480p-x264-mSD-eztv/', 'seeders': '5', 'leechers': '1', 'size': '97.5 MB', 'time': "Apr. 30th '19", 'uploader': 'EZTVag', 'uploaderLink': 'https://www.1377x.to/EZTVag/'}, {'name': 'Evil.S02E02.XviD-AFG[TGx]', 'torrentId': '4903397', 'link': 'https://www.1377x.to/torrent/4903397/Evil-S02E02-XviD-AFG-TGx/', 'seeders': '5', 'leechers': '0', 'size': '269.2 MB', 'time': "Jun. 28th '21", 'uploader': 'TGxGoodies', 'uploaderLink': 'https://www.1377x.to/TGxGoodies/'}, {'name': 'Evil.S02E02.1080p.WEB.H264-GLHF[ettv]', 'torrentId': '4903398', 'link': 'https://www.1377x.to/torrent/4903398/Evil-S02E02-1080p-WEB-H264-GLHF-ettv/', 'seeders': '5', 'leechers': '5', 'size': '2 GB', 'time': "Jun. 28th '21", 'uploader': 'ETTV', 'uploaderLink': 'https://www.1377x.to/ETTV/'}, {'name': 'Evil.S02E02.720p.WEB.H264-GGWP', 'torrentId': '4903439', 'link': 'https://www.1377x.to/torrent/4903439/Evil-S02E02-720p-WEB-H264-GGWP/', 'seeders': '5', 'leechers': '0', 'size': '948 MB', 'time': "Jun. 28th '21", 'uploader': 'mazemaze16', 'uploaderLink': 'https://www.1377x.to/mazemaze16/'}]
 2022-12-11 19:18:53,172 - root - DEBUG - 2022-12-11 19:18:53.172008 - Evil.S02E02.1080p.WEB.H264-GLHF evil.s02e02
 2022-12-11 19:18:53,172 - root - DEBUG - 2022-12-11 19:18:53.172092 - 0
 2022-12-11 19:18:53,172 - root - DEBUG - 2022-12-11 19:18:53.172162 - Evil.S02E02.1080p.WEB.H264-GLHF
 2022-12-11 19:18:53,172 - root - DEBUG - 2022-12-11 19:18:53.172227 - Evil.S02E02.WEB.x264-PHOENiX[TGx] evil.s02e02
 2022-12-11 19:18:53,172 - root - DEBUG - 2022-12-11 19:18:53.172293 - 0
 2022-12-11 19:18:53,172 - root - DEBUG - 2022-12-11 19:18:53.172356 - Evil.S02E02.WEB.x264-PHOENiX[TGx]
 2022-12-11 19:18:53,172 - root - DEBUG - 2022-12-11 19:18:53.172419 - Worlds Most Evil Killers S02E02 Richard Ramirez 480p x264-mSD [eztv] evil.s02e02
 2022-12-11 19:18:53,172 - root - DEBUG - 2022-12-11 19:18:53.172484 - -1
 2022-12-11 19:18:53,172 - root - DEBUG - 2022-12-11 19:18:53.172546 - Worlds Most Evil Killers S02E02 Richard Ramirez 480p x264-mSD [eztv]
 2022-12-11 19:18:53,172 - root - DEBUG - 2022-12-11 19:18:53.172609 - Evil.S02E02.720p.WEB.x265-MiNX[TGx] evil.s02e02
 2022-12-11 19:18:53,172 - root - DEBUG - 2022-12-11 19:18:53.172673 - 0
 2022-12-11 19:18:53,172 - root - DEBUG - 2022-12-11 19:18:53.172735 - Evil.S02E02.720p.WEB.x265-MiNX[TGx]
 2022-12-11 19:18:53,172 - root - DEBUG - 2022-12-11 19:18:53.172797 - Evil.S02E02.720p.WEB.H264-GGWP evil.s02e02
 2022-12-11 19:18:53,172 - root - DEBUG - 2022-12-11 19:18:53.172867 - 0
 2022-12-11 19:18:53,172 - root - DEBUG - 2022-12-11 19:18:53.172930 - Evil.S02E02.720p.WEB.H264-GGWP
 2022-12-11 19:18:53,173 - root - DEBUG - 2022-12-11 19:18:53.172993 - Evil.S02E02.720p.WEB.H264-GGWP[TGx] evil.s02e02
 2022-12-11 19:18:53,173 - root - DEBUG - 2022-12-11 19:18:53.173063 - 0
 2022-12-11 19:18:53,173 - root - DEBUG - 2022-12-11 19:18:53.173132 - Evil.S02E02.720p.WEB.H264-GGWP[TGx]
 2022-12-11 19:18:53,173 - root - DEBUG - 2022-12-11 19:18:53.173196 - Evil (2019) S02E02 (1080p AMZN WEB-DL x265 HEVC 10bit DDP 5.1 Vyndros) evil.s02e02
 2022-12-11 19:18:53,173 - root - DEBUG - 2022-12-11 19:18:53.173262 - -1
 2022-12-11 19:18:53,173 - root - DEBUG - 2022-12-11 19:18:53.173323 - Evil (2019) S02E02 (1080p AMZN WEB-DL x265 HEVC 10bit DDP 5.1 Vyndros)
 2022-12-11 19:18:53,173 - root - DEBUG - 2022-12-11 19:18:53.173386 - Ash.vs.Evil.Dead.S02E02.WEBRip.x264-FUM[ettv] evil.s02e02
 2022-12-11 19:18:53,173 - root - DEBUG - 2022-12-11 19:18:53.173451 - -1
 2022-12-11 19:18:53,173 - root - DEBUG - 2022-12-11 19:18:53.173513 - Ash.vs.Evil.Dead.S02E02.WEBRip.x264-FUM[ettv]
 2022-12-11 19:18:53,173 - root - DEBUG - 2022-12-11 19:18:53.173577 - Evil.S02E02.WEBRip.x264-ION10 evil.s02e02
 2022-12-11 19:18:53,173 - root - DEBUG - 2022-12-11 19:18:53.173641 - 0
 2022-12-11 19:18:53,173 - root - DEBUG - 2022-12-11 19:18:53.173702 - Evil.S02E02.WEBRip.x264-ION10
 2022-12-11 19:18:53,173 - root - DEBUG - 2022-12-11 19:18:53.173765 - Evil.S02E02.XviD-AFG[ettv] evil.s02e02
 2022-12-11 19:18:53,173 - root - DEBUG - 2022-12-11 19:18:53.173829 - 0
 2022-12-11 19:18:53,173 - root - DEBUG - 2022-12-11 19:18:53.173892 - Evil.S02E02.XviD-AFG[ettv]
 2022-12-11 19:18:53,173 - root - DEBUG - 2022-12-11 19:18:53.173955 - Evil.S02E02.A.is.for.Avenging.Angel.1080p.AMZN.WEBRip.DDP5.1.x264-NTb[TGx] evil.s02e02
 2022-12-11 19:18:53,174 - root - DEBUG - 2022-12-11 19:18:53.174020 - 0
 2022-12-11 19:18:53,174 - root - DEBUG - 2022-12-11 19:18:53.174090 - Evil.S02E02.A.is.for.Avenging.Angel.1080p.AMZN.WEBRip.DDP5.1.x264-NTb[TGx]
 2022-12-11 19:18:53,174 - root - DEBUG - 2022-12-11 19:18:53.174158 - Stan.Against.Evil.S02E02.HDTV.x264-CRAVERS[eztv] evil.s02e02
 2022-12-11 19:18:53,174 - root - DEBUG - 2022-12-11 19:18:53.174223 - 13
 2022-12-11 19:18:53,174 - root - DEBUG - 2022-12-11 19:18:53.174285 - Stan.Against.Evil.S02E02.HDTV.x264-CRAVERS[eztv]
 2022-12-11 19:18:53,174 - root - DEBUG - 2022-12-11 19:18:53.174348 - Evil.S02E02.1080p.WEB.H264-GLHF[TGx] evil.s02e02
 2022-12-11 19:18:53,174 - root - DEBUG - 2022-12-11 19:18:53.174411 - 0
 2022-12-11 19:18:53,174 - root - DEBUG - 2022-12-11 19:18:53.174473 - Evil.S02E02.1080p.WEB.H264-GLHF[TGx]
 2022-12-11 19:18:53,174 - root - DEBUG - 2022-12-11 19:18:53.174535 - Ash.vs.Evil.Dead.S02E02.HDTV.x264-FLEET[eztv] evil.s02e02
 2022-12-11 19:18:53,174 - root - DEBUG - 2022-12-11 19:18:53.174599 - -1
 2022-12-11 19:18:53,174 - root - DEBUG - 2022-12-11 19:18:53.174661 - Ash.vs.Evil.Dead.S02E02.HDTV.x264-FLEET[eztv]
 2022-12-11 19:18:53,174 - root - DEBUG - 2022-12-11 19:18:53.174723 - Evil.S02E02.720p.WEB.H264-GGWP[ettv] evil.s02e02
 2022-12-11 19:18:53,174 - root - DEBUG - 2022-12-11 19:18:53.174787 - 0
 2022-12-11 19:18:53,174 - root - DEBUG - 2022-12-11 19:18:53.174848 - Evil.S02E02.720p.WEB.H264-GGWP[ettv]
 2022-12-11 19:18:53,174 - root - DEBUG - 2022-12-11 19:18:53.174910 - Evil.S02E02.A.is.for.Avenging.Angel.720p.AMZN.WEBRip.DDP5.1.x264-NTb[TGx] evil.s02e02
 2022-12-11 19:18:53,174 - root - DEBUG - 2022-12-11 19:18:53.174974 - 0
 2022-12-11 19:18:53,175 - root - DEBUG - 2022-12-11 19:18:53.175054 - Evil.S02E02.A.is.for.Avenging.Angel.720p.AMZN.WEBRip.DDP5.1.x264-NTb[TGx]
 2022-12-11 19:18:53,175 - root - DEBUG - 2022-12-11 19:18:53.175141 - Stan Against Evil S02E02 SUBFRENCH 480p x264-mSD [eztv] evil.s02e02
 2022-12-11 19:18:53,175 - root - DEBUG - 2022-12-11 19:18:53.175208 - 13
 2022-12-11 19:18:53,175 - root - DEBUG - 2022-12-11 19:18:53.175270 - Stan Against Evil S02E02 SUBFRENCH 480p x264-mSD [eztv]
 2022-12-11 19:18:53,175 - root - DEBUG - 2022-12-11 19:18:53.175333 - Evil.S02E02.XviD-AFG[TGx] evil.s02e02
 2022-12-11 19:18:53,175 - root - DEBUG - 2022-12-11 19:18:53.175403 - 0
 2022-12-11 19:18:53,175 - root - DEBUG - 2022-12-11 19:18:53.175466 - Evil.S02E02.XviD-AFG[TGx]
 2022-12-11 19:18:53,175 - root - DEBUG - 2022-12-11 19:18:53.175528 - Evil.S02E02.1080p.WEB.H264-GLHF[ettv] evil.s02e02
 2022-12-11 19:18:53,175 - root - DEBUG - 2022-12-11 19:18:53.175592 - 0
 2022-12-11 19:18:53,175 - root - DEBUG - 2022-12-11 19:18:53.175653 - Evil.S02E02.1080p.WEB.H264-GLHF[ettv]
 2022-12-11 19:18:53,175 - root - DEBUG - 2022-12-11 19:18:53.175715 - Evil.S02E02.720p.WEB.H264-GGWP evil.s02e02
 2022-12-11 19:18:53,175 - root - DEBUG - 2022-12-11 19:18:53.175779 - 0
 2022-12-11 19:18:53,175 - root - DEBUG - 2022-12-11 19:18:53.175840 - Evil.S02E02.720p.WEB.H264-GGWP
